<?xml version="1.0" encoding="UTF-8"?>
<testng-results ignored="0" total="1" passed="1" failed="0" skipped="0">
  <reporter-output>
  </reporter-output>
  <suite started-at="2026-08-19T20:54:15 IST" name="Default suite" finished-at="2026-08-19T20:54:29 IST" duration-ms="13809">
    <groups>
    </groups>
    <test started-at="2026-08-19T20:54:15 IST" name="Default test" finished-at="2026-08-19T20:54:29 IST" duration-ms="13809">
      <class name="com.coforge.testcases.LoginEasyCalculation">
        <test-method is-config="true" signature="SetUp()[pri:0, instance:com.coforge.testcases.LoginEasyCalculation@3c7c886c]" started-at="2026-08-19T20:54:15 IST" name="SetUp" finished-at="2026-08-19T20:54:15 IST" duration-ms="260" status="PASS">
          <reporter-output>
          </reporter-output>
        </test-method> <!-- SetUp -->
        <test-method is-config="true" signature="BrowserTest()[pri:0, instance:com.coforge.testcases.LoginEasyCalculation@3c7c886c]" started-at="2026-08-19T20:54:15 IST" name="BrowserTest" finished-at="2026-08-19T20:54:19 IST" duration-ms="3533" status="PASS">
          <reporter-output>
          </reporter-output>
        </test-method> <!-- BrowserTest -->
        <test-method signature="loginApp()[pri:0, instance:com.coforge.testcases.LoginEasyCalculation@3c7c886c]" started-at="2026-08-19T20:54:19 IST" name="loginApp" finished-at="2026-08-19T20:54:29 IST" duration-ms="10155" status="PASS">
          <reporter-output>
          </reporter-output>
        </test-method> <!-- loginApp -->
        <test-method is-config="true" signature="tearDownMethod(org.testng.ITestResult)[pri:0, instance:com.coforge.testcases.LoginEasyCalculation@3c7c886c]" started-at="2026-08-19T20:54:29 IST" name="tearDownMethod" finished-at="2026-08-19T20:54:29 IST" duration-ms="1" status="PASS">
          <params>
            <param index="0">
              <value>
                <![CDATA[[TestResult name=loginApp status=SUCCESS method=LoginEasyCalculation.loginApp()[pri:0, instance:com.coforge.testcases.LoginEasyCalculation@3c7c886c] output={null}]]]>
              </value>
            </param>
          </params>
          <reporter-output>
          </reporter-output>
        </test-method> <!-- tearDownMethod -->
        <test-method is-config="true" signature="tearDown()[pri:0, instance:com.coforge.testcases.LoginEasyCalculation@3c7c886c]" started-at="2026-08-19T20:54:29 IST" name="tearDown" finished-at="2026-08-19T20:54:29 IST" duration-ms="45" status="PASS">
          <reporter-output>
          </reporter-output>
        </test-method> <!-- tearDown -->
      </class> <!-- com.coforge.testcases.LoginEasyCalculation -->
    </test> <!-- Default test -->
  </suite> <!-- Default suite -->
</testng-results>
